<?xml version="1.0" encoding="UTF-8"?>
<testsuite xmlns:xsi="http://www.w3.org/2001/XMLSchema-instance" xsi:noNamespaceSchemaLocation="https://maven.apache.org/surefire/maven-surefire-plugin/xsd/surefire-test-report-3.0.xsd" version="3.0" name="com.example.rak.RakbackendApplicationTests" time="1.89" tests="1" errors="0" skipped="0" failures="0">
  <properties>
    <property name="java.specification.version" value="17"/>
    <property name="sun.jnu.encoding" value="UTF-8"/>
    <property name="java.class.path" value="/Users/sravansasi/Downloads/backend/target/test-classes:/Users/sravansasi/Downloads/backend/target/classes:/Users/sravansasi/.m2/repository/org/springframework/boot/spring-boot-starter-data-jpa/3.2.9/spring-boot-starter-data-jpa-3.2.9.jar:/Users/sravansasi/.m2/repository/org/springframework/boot/spring-boot-starter-aop/3.2.9/spring-boot-starter-aop-3.2.9.jar:/Users/sravansasi/.m2/repository/org/aspectj/aspectjweaver/1.9.22.1/aspectjweaver-1.9.22.1.jar:/Users/sravansasi/.m2/repository/org/springframework/boot/spring-boot-starter-jdbc/3.2.9/spring-boot-starter-jdbc-3.2.9.jar:/Users/sravansasi/.m2/repository/com/zaxxer/HikariCP/5.0.1/HikariCP-5.0.1.jar:/Users/sravansasi/.m2/repository/org/springframework/spring-jdbc/6.1.12/spring-jdbc-6.1.12.jar:/Users/sravansasi/.m2/repository/org/hibernate/orm/hibernate-core/6.4.10.Final/hibernate-core-6.4.10.Final.jar:/Users/sravansasi/.m2/repository/jakarta/persistence/jakarta.persistence-api/3.1.0/jakarta.persistence-api-3.1.0.jar:/Users/sravansasi/.m2/repository/jakarta/transaction/jakarta.transaction-api/2.0.1/jakarta.transaction-api-2.0.1.jar:/Users/sravansasi/.m2/repository/org/jboss/logging/jboss-logging/3.5.3.Final/jboss-logging-3.5.3.Final.jar:/Users/sravansasi/.m2/repository/org/hibernate/common/hibernate-commons-annotations/6.0.6.Final/hibernate-commons-annotations-6.0.6.Final.jar:/Users/sravansasi/.m2/repository/io/smallrye/jandex/3.1.2/jandex-3.1.2.jar:/Users/sravansasi/.m2/repository/com/fasterxml/classmate/1.6.0/classmate-1.6.0.jar:/Users/sravansasi/.m2/repository/net/bytebuddy/byte-buddy/1.14.19/byte-buddy-1.14.19.jar:/Users/sravansasi/.m2/repository/org/glassfish/jaxb/jaxb-runtime/4.0.5/jaxb-runtime-4.0.5.jar:/Users/sravansasi/.m2/repository/org/glassfish/jaxb/jaxb-core/4.0.5/jaxb-core-4.0.5.jar:/Users/sravansasi/.m2/repository/org/eclipse/angus/angus-activation/2.0.2/angus-activation-2.0.2.jar:/Users/sravansasi/.m2/repository/org/glassfish/jaxb/txw2/4.0.5/txw2-4.0.5.jar:/Users/sravansasi/.m2/repository/com/sun/istack/istack-commons-runtime/4.1.2/istack-commons-runtime-4.1.2.jar:/Users/sravansasi/.m2/repository/jakarta/inject/jakarta.inject-api/2.0.1/jakarta.inject-api-2.0.1.jar:/Users/sravansasi/.m2/repository/org/antlr/antlr4-runtime/4.13.0/antlr4-runtime-4.13.0.jar:/Users/sravansasi/.m2/repository/org/springframework/data/spring-data-jpa/3.2.9/spring-data-jpa-3.2.9.jar:/Users/sravansasi/.m2/repository/org/springframework/data/spring-data-commons/3.2.9/spring-data-commons-3.2.9.jar:/Users/sravansasi/.m2/repository/org/springframework/spring-orm/6.1.12/spring-orm-6.1.12.jar:/Users/sravansasi/.m2/repository/org/springframework/spring-context/6.1.12/spring-context-6.1.12.jar:/Users/sravansasi/.m2/repository/org/springframework/spring-tx/6.1.12/spring-tx-6.1.12.jar:/Users/sravansasi/.m2/repository/org/springframework/spring-beans/6.1.12/spring-beans-6.1.12.jar:/Users/sravansasi/.m2/repository/jakarta/annotation/jakarta.annotation-api/2.1.1/jakarta.annotation-api-2.1.1.jar:/Users/sravansasi/.m2/repository/org/slf4j/slf4j-api/2.0.16/slf4j-api-2.0.16.jar:/Users/sravansasi/.m2/repository/org/springframework/spring-aspects/6.1.12/spring-aspects-6.1.12.jar:/Users/sravansasi/.m2/repository/org/springframework/boot/spring-boot-starter-security/3.2.9/spring-boot-starter-security-3.2.9.jar:/Users/sravansasi/.m2/repository/org/springframework/boot/spring-boot-starter/3.2.9/spring-boot-starter-3.2.9.jar:/Users/sravansasi/.m2/repository/org/springframework/boot/spring-boot-starter-logging/3.2.9/spring-boot-starter-logging-3.2.9.jar:/Users/sravansasi/.m2/repository/ch/qos/logback/logback-classic/1.4.14/logback-classic-1.4.14.jar:/Users/sravansasi/.m2/repository/ch/qos/logback/logback-core/1.4.14/logback-core-1.4.14.jar:/Users/sravansasi/.m2/repository/org/apache/logging/log4j/log4j-to-slf4j/2.21.1/log4j-to-slf4j-2.21.1.jar:/Users/sravansasi/.m2/repository/org/apache/logging/log4j/log4j-api/2.21.1/log4j-api-2.21.1.jar:/Users/sravansasi/.m2/repository/org/slf4j/jul-to-slf4j/2.0.16/jul-to-slf4j-2.0.16.jar:/Users/sravansasi/.m2/repository/org/yaml/snakeyaml/2.2/snakeyaml-2.2.jar:/Users/sravansasi/.m2/repository/org/springframework/spring-aop/6.1.12/spring-aop-6.1.12.jar:/Users/sravansasi/.m2/repository/org/springframework/security/spring-security-config/6.2.6/spring-security-config-6.2.6.jar:/Users/sravansasi/.m2/repository/org/springframework/security/spring-security-web/6.2.6/spring-security-web-6.2.6.jar:/Users/sravansasi/.m2/repository/org/springframework/spring-expression/6.1.12/spring-expression-6.1.12.jar:/Users/sravansasi/.m2/repository/org/springframework/boot/spring-boot-starter-web/3.2.9/spring-boot-starter-web-3.2.9.jar:/Users/sravansasi/.m2/repository/org/springframework/boot/spring-boot-starter-json/3.2.9/spring-boot-starter-json-3.2.9.jar:/Users/sravansasi/.m2/repository/com/fasterxml/jackson/core/jackson-databind/2.15.4/jackson-databind-2.15.4.jar:/Users/sravansasi/.m2/repository/com/fasterxml/jackson/core/jackson-annotations/2.15.4/jackson-annotations-2.15.4.jar:/Users/sravansasi/.m2/repository/com/fasterxml/jackson/core/jackson-core/2.15.4/jackson-core-2.15.4.jar:/Users/sravansasi/.m2/repository/com/fasterxml/jackson/datatype/jackson-datatype-jdk8/2.15.4/jackson-datatype-jdk8-2.15.4.jar:/Users/sravansasi/.m2/repository/com/fasterxml/jackson/datatype/jackson-datatype-jsr310/2.15.4/jackson-datatype-jsr310-2.15.4.jar:/Users/sravansasi/.m2/repository/com/fasterxml/jackson/module/jackson-module-parameter-names/2.15.4/jackson-module-parameter-names-2.15.4.jar:/Users/sravansasi/.m2/repository/org/springframework/boot/spring-boot-starter-tomcat/3.2.9/spring-boot-starter-tomcat-3.2.9.jar:/Users/sravansasi/.m2/repository/org/apache/tomcat/embed/tomcat-embed-core/10.1.28/tomcat-embed-core-10.1.28.jar:/Users/sravansasi/.m2/repository/org/apache/tomcat/embed/tomcat-embed-websocket/10.1.28/tomcat-embed-websocket-10.1.28.jar:/Users/sravansasi/.m2/repository/org/springframework/spring-web/6.1.12/spring-web-6.1.12.jar:/Users/sravansasi/.m2/repository/io/micrometer/micrometer-observation/1.12.9/micrometer-observation-1.12.9.jar:/Users/sravansasi/.m2/repository/io/micrometer/micrometer-commons/1.12.9/micrometer-commons-1.12.9.jar:/Users/sravansasi/.m2/repository/org/springframework/spring-webmvc/6.1.12/spring-webmvc-6.1.12.jar:/Users/sravansasi/.m2/repository/org/springframework/boot/spring-boot-devtools/3.2.9/spring-boot-devtools-3.2.9.jar:/Users/sravansasi/.m2/repository/org/springframework/boot/spring-boot/3.2.9/spring-boot-3.2.9.jar:/Users/sravansasi/.m2/repository/org/springframework/boot/spring-boot-autoconfigure/3.2.9/spring-boot-autoconfigure-3.2.9.jar:/Users/sravansasi/.m2/repository/com/h2database/h2/2.2.224/h2-2.2.224.jar:/Users/sravansasi/.m2/repository/org/projectlombok/lombok/1.18.34/lombok-1.18.34.jar:/Users/sravansasi/.m2/repository/org/springframework/boot/spring-boot-starter-test/3.2.9/spring-boot-starter-test-3.2.9.jar:/Users/sravansasi/.m2/repository/org/springframework/boot/spring-boot-test/3.2.9/spring-boot-test-3.2.9.jar:/Users/sravansasi/.m2/repository/org/springframework/boot/spring-boot-test-autoconfigure/3.2.9/spring-boot-test-autoconfigure-3.2.9.jar:/Users/sravansasi/.m2/repository/com/jayway/jsonpath/json-path/2.9.0/json-path-2.9.0.jar:/Users/sravansasi/.m2/repository/jakarta/xml/bind/jakarta.xml.bind-api/4.0.2/jakarta.xml.bind-api-4.0.2.jar:/Users/sravansasi/.m2/repository/jakarta/activation/jakarta.activation-api/2.1.3/jakarta.activation-api-2.1.3.jar:/Users/sravansasi/.m2/repository/net/minidev/json-smart/2.5.1/json-smart-2.5.1.jar:/Users/sravansasi/.m2/repository/net/minidev/accessors-smart/2.5.1/accessors-smart-2.5.1.jar:/Users/sravansasi/.m2/repository/org/ow2/asm/asm/9.6/asm-9.6.jar:/Users/sravansasi/.m2/repository/org/assertj/assertj-core/3.24.2/assertj-core-3.24.2.jar:/Users/sravansasi/.m2/repository/org/awaitility/awaitility/4.2.2/awaitility-4.2.2.jar:/Users/sravansasi/.m2/repository/org/hamcrest/hamcrest/2.2/hamcrest-2.2.jar:/Users/sravansasi/.m2/repository/org/junit/jupiter/junit-jupiter/5.10.3/junit-jupiter-5.10.3.jar:/Users/sravansasi/.m2/repository/org/junit/jupiter/junit-jupiter-api/5.10.3/junit-jupiter-api-5.10.3.jar:/Users/sravansasi/.m2/repository/org/opentest4j/opentest4j/1.3.0/opentest4j-1.3.0.jar:/Users/sravansasi/.m2/repository/org/junit/platform/junit-platform-commons/1.10.3/junit-platform-commons-1.10.3.jar:/Users/sravansasi/.m2/repository/org/apiguardian/apiguardian-api/1.1.2/apiguardian-api-1.1.2.jar:/Users/sravansasi/.m2/repository/org/junit/jupiter/junit-jupiter-params/5.10.3/junit-jupiter-params-5.10.3.jar:/Users/sravansasi/.m2/repository/org/junit/jupiter/junit-jupiter-engine/5.10.3/junit-jupiter-engine-5.10.3.jar:/Users/sravansasi/.m2/repository/org/junit/platform/junit-platform-engine/1.10.3/junit-platform-engine-1.10.3.jar:/Users/sravansasi/.m2/repository/org/mockito/mockito-core/5.7.0/mockito-core-5.7.0.jar:/Users/sravansasi/.m2/repository/net/bytebuddy/byte-buddy-agent/1.14.19/byte-buddy-agent-1.14.19.jar:/Users/sravansasi/.m2/repository/org/objenesis/objenesis/3.3/objenesis-3.3.jar:/Users/sravansasi/.m2/repository/org/mockito/mockito-junit-jupiter/5.7.0/mockito-junit-jupiter-5.7.0.jar:/Users/sravansasi/.m2/repository/org/skyscreamer/jsonassert/1.5.3/jsonassert-1.5.3.jar:/Users/sravansasi/.m2/repository/com/vaadin/external/google/android-json/0.0.20131108.vaadin1/android-json-0.0.20131108.vaadin1.jar:/Users/sravansasi/.m2/repository/org/springframework/spring-core/6.1.12/spring-core-6.1.12.jar:/Users/sravansasi/.m2/repository/org/springframework/spring-jcl/6.1.12/spring-jcl-6.1.12.jar:/Users/sravansasi/.m2/repository/org/springframework/spring-test/6.1.12/spring-test-6.1.12.jar:/Users/sravansasi/.m2/repository/org/xmlunit/xmlunit-core/2.9.1/xmlunit-core-2.9.1.jar:/Users/sravansasi/.m2/repository/org/springframework/security/spring-security-test/6.2.6/spring-security-test-6.2.6.jar:/Users/sravansasi/.m2/repository/org/springframework/security/spring-security-core/6.2.6/spring-security-core-6.2.6.jar:/Users/sravansasi/.m2/repository/org/springframework/security/spring-security-crypto/6.2.6/spring-security-crypto-6.2.6.jar:/Users/sravansasi/.m2/repository/org/springframework/boot/spring-boot-starter-validation/3.2.9/spring-boot-starter-validation-3.2.9.jar:/Users/sravansasi/.m2/repository/org/apache/tomcat/embed/tomcat-embed-el/10.1.28/tomcat-embed-el-10.1.28.jar:/Users/sravansasi/.m2/repository/org/hibernate/validator/hibernate-validator/8.0.1.Final/hibernate-validator-8.0.1.Final.jar:/Users/sravansasi/.m2/repository/jakarta/validation/jakarta.validation-api/3.0.2/jakarta.validation-api-3.0.2.jar:/Users/sravansasi/.m2/repository/org/springdoc/springdoc-openapi-starter-webmvc-ui/2.5.0/springdoc-openapi-starter-webmvc-ui-2.5.0.jar:/Users/sravansasi/.m2/repository/org/springdoc/springdoc-openapi-starter-webmvc-api/2.5.0/springdoc-openapi-starter-webmvc-api-2.5.0.jar:/Users/sravansasi/.m2/repository/org/springdoc/springdoc-openapi-starter-common/2.5.0/springdoc-openapi-starter-common-2.5.0.jar:/Users/sravansasi/.m2/repository/io/swagger/core/v3/swagger-core-jakarta/2.2.21/swagger-core-jakarta-2.2.21.jar:/Users/sravansasi/.m2/repository/org/apache/commons/commons-lang3/3.13.0/commons-lang3-3.13.0.jar:/Users/sravansasi/.m2/repository/io/swagger/core/v3/swagger-annotations-jakarta/2.2.21/swagger-annotations-jakarta-2.2.21.jar:/Users/sravansasi/.m2/repository/io/swagger/core/v3/swagger-models-jakarta/2.2.21/swagger-models-jakarta-2.2.21.jar:/Users/sravansasi/.m2/repository/com/fasterxml/jackson/dataformat/jackson-dataformat-yaml/2.15.4/jackson-dataformat-yaml-2.15.4.jar:/Users/sravansasi/.m2/repository/org/webjars/swagger-ui/5.13.0/swagger-ui-5.13.0.jar:"/>
    <property name="java.vm.vendor" value="Azul Systems, Inc."/>
    <property name="sun.arch.data.model" value="64"/>
    <property name="java.vendor.url" value="http://www.azul.com/"/>
    <property name="user.timezone" value="Asia/Dubai"/>
    <property name="org.jboss.logging.provider" value="slf4j"/>
    <property name="os.name" value="Mac OS X"/>
    <property name="java.vm.specification.version" value="17"/>
    <property name="sun.java.launcher" value="SUN_STANDARD"/>
    <property name="user.country" value="GB"/>
    <property name="sun.boot.library.path" value="/Library/Java/JavaVirtualMachines/zulu-17.jdk/Contents/Home/lib"/>
    <property name="sun.java.command" value="/Users/sravansasi/Downloads/backend/target/surefire/surefirebooter-20240930103716763_3.jar /Users/sravansasi/Downloads/backend/target/surefire 2024-09-30T10-37-16_728-jvmRun1 surefire-20240930103716763_1tmp surefire_0-20240930103716763_2tmp"/>
    <property name="http.nonProxyHosts" value="local|*.local|169.254/16|*.169.254/16"/>
    <property name="jdk.debug" value="release"/>
    <property name="surefire.test.class.path" value="/Users/sravansasi/Downloads/backend/target/test-classes:/Users/sravansasi/Downloads/backend/target/classes:/Users/sravansasi/.m2/repository/org/springframework/boot/spring-boot-starter-data-jpa/3.2.9/spring-boot-starter-data-jpa-3.2.9.jar:/Users/sravansasi/.m2/repository/org/springframework/boot/spring-boot-starter-aop/3.2.9/spring-boot-starter-aop-3.2.9.jar:/Users/sravansasi/.m2/repository/org/aspectj/aspectjweaver/1.9.22.1/aspectjweaver-1.9.22.1.jar:/Users/sravansasi/.m2/repository/org/springframework/boot/spring-boot-starter-jdbc/3.2.9/spring-boot-starter-jdbc-3.2.9.jar:/Users/sravansasi/.m2/repository/com/zaxxer/HikariCP/5.0.1/HikariCP-5.0.1.jar:/Users/sravansasi/.m2/repository/org/springframework/spring-jdbc/6.1.12/spring-jdbc-6.1.12.jar:/Users/sravansasi/.m2/repository/org/hibernate/orm/hibernate-core/6.4.10.Final/hibernate-core-6.4.10.Final.jar:/Users/sravansasi/.m2/repository/jakarta/persistence/jakarta.persistence-api/3.1.0/jakarta.persistence-api-3.1.0.jar:/Users/sravansasi/.m2/repository/jakarta/transaction/jakarta.transaction-api/2.0.1/jakarta.transaction-api-2.0.1.jar:/Users/sravansasi/.m2/repository/org/jboss/logging/jboss-logging/3.5.3.Final/jboss-logging-3.5.3.Final.jar:/Users/sravansasi/.m2/repository/org/hibernate/common/hibernate-commons-annotations/6.0.6.Final/hibernate-commons-annotations-6.0.6.Final.jar:/Users/sravansasi/.m2/repository/io/smallrye/jandex/3.1.2/jandex-3.1.2.jar:/Users/sravansasi/.m2/repository/com/fasterxml/classmate/1.6.0/classmate-1.6.0.jar:/Users/sravansasi/.m2/repository/net/bytebuddy/byte-buddy/1.14.19/byte-buddy-1.14.19.jar:/Users/sravansasi/.m2/repository/org/glassfish/jaxb/jaxb-runtime/4.0.5/jaxb-runtime-4.0.5.jar:/Users/sravansasi/.m2/repository/org/glassfish/jaxb/jaxb-core/4.0.5/jaxb-core-4.0.5.jar:/Users/sravansasi/.m2/repository/org/eclipse/angus/angus-activation/2.0.2/angus-activation-2.0.2.jar:/Users/sravansasi/.m2/repository/org/glassfish/jaxb/txw2/4.0.5/txw2-4.0.5.jar:/Users/sravansasi/.m2/repository/com/sun/istack/istack-commons-runtime/4.1.2/istack-commons-runtime-4.1.2.jar:/Users/sravansasi/.m2/repository/jakarta/inject/jakarta.inject-api/2.0.1/jakarta.inject-api-2.0.1.jar:/Users/sravansasi/.m2/repository/org/antlr/antlr4-runtime/4.13.0/antlr4-runtime-4.13.0.jar:/Users/sravansasi/.m2/repository/org/springframework/data/spring-data-jpa/3.2.9/spring-data-jpa-3.2.9.jar:/Users/sravansasi/.m2/repository/org/springframework/data/spring-data-commons/3.2.9/spring-data-commons-3.2.9.jar:/Users/sravansasi/.m2/repository/org/springframework/spring-orm/6.1.12/spring-orm-6.1.12.jar:/Users/sravansasi/.m2/repository/org/springframework/spring-context/6.1.12/spring-context-6.1.12.jar:/Users/sravansasi/.m2/repository/org/springframework/spring-tx/6.1.12/spring-tx-6.1.12.jar:/Users/sravansasi/.m2/repository/org/springframework/spring-beans/6.1.12/spring-beans-6.1.12.jar:/Users/sravansasi/.m2/repository/jakarta/annotation/jakarta.annotation-api/2.1.1/jakarta.annotation-api-2.1.1.jar:/Users/sravansasi/.m2/repository/org/slf4j/slf4j-api/2.0.16/slf4j-api-2.0.16.jar:/Users/sravansasi/.m2/repository/org/springframework/spring-aspects/6.1.12/spring-aspects-6.1.12.jar:/Users/sravansasi/.m2/repository/org/springframework/boot/spring-boot-starter-security/3.2.9/spring-boot-starter-security-3.2.9.jar:/Users/sravansasi/.m2/repository/org/springframework/boot/spring-boot-starter/3.2.9/spring-boot-starter-3.2.9.jar:/Users/sravansasi/.m2/repository/org/springframework/boot/spring-boot-starter-logging/3.2.9/spring-boot-starter-logging-3.2.9.jar:/Users/sravansasi/.m2/repository/ch/qos/logback/logback-classic/1.4.14/logback-classic-1.4.14.jar:/Users/sravansasi/.m2/repository/ch/qos/logback/logback-core/1.4.14/logback-core-1.4.14.jar:/Users/sravansasi/.m2/repository/org/apache/logging/log4j/log4j-to-slf4j/2.21.1/log4j-to-slf4j-2.21.1.jar:/Users/sravansasi/.m2/repository/org/apache/logging/log4j/log4j-api/2.21.1/log4j-api-2.21.1.jar:/Users/sravansasi/.m2/repository/org/slf4j/jul-to-slf4j/2.0.16/jul-to-slf4j-2.0.16.jar:/Users/sravansasi/.m2/repository/org/yaml/snakeyaml/2.2/snakeyaml-2.2.jar:/Users/sravansasi/.m2/repository/org/springframework/spring-aop/6.1.12/spring-aop-6.1.12.jar:/Users/sravansasi/.m2/repository/org/springframework/security/spring-security-config/6.2.6/spring-security-config-6.2.6.jar:/Users/sravansasi/.m2/repository/org/springframework/security/spring-security-web/6.2.6/spring-security-web-6.2.6.jar:/Users/sravansasi/.m2/repository/org/springframework/spring-expression/6.1.12/spring-expression-6.1.12.jar:/Users/sravansasi/.m2/repository/org/springframework/boot/spring-boot-starter-web/3.2.9/spring-boot-starter-web-3.2.9.jar:/Users/sravansasi/.m2/repository/org/springframework/boot/spring-boot-starter-json/3.2.9/spring-boot-starter-json-3.2.9.jar:/Users/sravansasi/.m2/repository/com/fasterxml/jackson/core/jackson-databind/2.15.4/jackson-databind-2.15.4.jar:/Users/sravansasi/.m2/repository/com/fasterxml/jackson/core/jackson-annotations/2.15.4/jackson-annotations-2.15.4.jar:/Users/sravansasi/.m2/repository/com/fasterxml/jackson/core/jackson-core/2.15.4/jackson-core-2.15.4.jar:/Users/sravansasi/.m2/repository/com/fasterxml/jackson/datatype/jackson-datatype-jdk8/2.15.4/jackson-datatype-jdk8-2.15.4.jar:/Users/sravansasi/.m2/repository/com/fasterxml/jackson/datatype/jackson-datatype-jsr310/2.15.4/jackson-datatype-jsr310-2.15.4.jar:/Users/sravansasi/.m2/repository/com/fasterxml/jackson/module/jackson-module-parameter-names/2.15.4/jackson-module-parameter-names-2.15.4.jar:/Users/sravansasi/.m2/repository/org/springframework/boot/spring-boot-starter-tomcat/3.2.9/spring-boot-starter-tomcat-3.2.9.jar:/Users/sravansasi/.m2/repository/org/apache/tomcat/embed/tomcat-embed-core/10.1.28/tomcat-embed-core-10.1.28.jar:/Users/sravansasi/.m2/repository/org/apache/tomcat/embed/tomcat-embed-websocket/10.1.28/tomcat-embed-websocket-10.1.28.jar:/Users/sravansasi/.m2/repository/org/springframework/spring-web/6.1.12/spring-web-6.1.12.jar:/Users/sravansasi/.m2/repository/io/micrometer/micrometer-observation/1.12.9/micrometer-observation-1.12.9.jar:/Users/sravansasi/.m2/repository/io/micrometer/micrometer-commons/1.12.9/micrometer-commons-1.12.9.jar:/Users/sravansasi/.m2/repository/org/springframework/spring-webmvc/6.1.12/spring-webmvc-6.1.12.jar:/Users/sravansasi/.m2/repository/org/springframework/boot/spring-boot-devtools/3.2.9/spring-boot-devtools-3.2.9.jar:/Users/sravansasi/.m2/repository/org/springframework/boot/spring-boot/3.2.9/spring-boot-3.2.9.jar:/Users/sravansasi/.m2/repository/org/springframework/boot/spring-boot-autoconfigure/3.2.9/spring-boot-autoconfigure-3.2.9.jar:/Users/sravansasi/.m2/repository/com/h2database/h2/2.2.224/h2-2.2.224.jar:/Users/sravansasi/.m2/repository/org/projectlombok/lombok/1.18.34/lombok-1.18.34.jar:/Users/sravansasi/.m2/repository/org/springframework/boot/spring-boot-starter-test/3.2.9/spring-boot-starter-test-3.2.9.jar:/Users/sravansasi/.m2/repository/org/springframework/boot/spring-boot-test/3.2.9/spring-boot-test-3.2.9.jar:/Users/sravansasi/.m2/repository/org/springframework/boot/spring-boot-test-autoconfigure/3.2.9/spring-boot-test-autoconfigure-3.2.9.jar:/Users/sravansasi/.m2/repository/com/jayway/jsonpath/json-path/2.9.0/json-path-2.9.0.jar:/Users/sravansasi/.m2/repository/jakarta/xml/bind/jakarta.xml.bind-api/4.0.2/jakarta.xml.bind-api-4.0.2.jar:/Users/sravansasi/.m2/repository/jakarta/activation/jakarta.activation-api/2.1.3/jakarta.activation-api-2.1.3.jar:/Users/sravansasi/.m2/repository/net/minidev/json-smart/2.5.1/json-smart-2.5.1.jar:/Users/sravansasi/.m2/repository/net/minidev/accessors-smart/2.5.1/accessors-smart-2.5.1.jar:/Users/sravansasi/.m2/repository/org/ow2/asm/asm/9.6/asm-9.6.jar:/Users/sravansasi/.m2/repository/org/assertj/assertj-core/3.24.2/assertj-core-3.24.2.jar:/Users/sravansasi/.m2/repository/org/awaitility/awaitility/4.2.2/awaitility-4.2.2.jar:/Users/sravansasi/.m2/repository/org/hamcrest/hamcrest/2.2/hamcrest-2.2.jar:/Users/sravansasi/.m2/repository/org/junit/jupiter/junit-jupiter/5.10.3/junit-jupiter-5.10.3.jar:/Users/sravansasi/.m2/repository/org/junit/jupiter/junit-jupiter-api/5.10.3/junit-jupiter-api-5.10.3.jar:/Users/sravansasi/.m2/repository/org/opentest4j/opentest4j/1.3.0/opentest4j-1.3.0.jar:/Users/sravansasi/.m2/repository/org/junit/platform/junit-platform-commons/1.10.3/junit-platform-commons-1.10.3.jar:/Users/sravansasi/.m2/repository/org/apiguardian/apiguardian-api/1.1.2/apiguardian-api-1.1.2.jar:/Users/sravansasi/.m2/repository/org/junit/jupiter/junit-jupiter-params/5.10.3/junit-jupiter-params-5.10.3.jar:/Users/sravansasi/.m2/repository/org/junit/jupiter/junit-jupiter-engine/5.10.3/junit-jupiter-engine-5.10.3.jar:/Users/sravansasi/.m2/repository/org/junit/platform/junit-platform-engine/1.10.3/junit-platform-engine-1.10.3.jar:/Users/sravansasi/.m2/repository/org/mockito/mockito-core/5.7.0/mockito-core-5.7.0.jar:/Users/sravansasi/.m2/repository/net/bytebuddy/byte-buddy-agent/1.14.19/byte-buddy-agent-1.14.19.jar:/Users/sravansasi/.m2/repository/org/objenesis/objenesis/3.3/objenesis-3.3.jar:/Users/sravansasi/.m2/repository/org/mockito/mockito-junit-jupiter/5.7.0/mockito-junit-jupiter-5.7.0.jar:/Users/sravansasi/.m2/repository/org/skyscreamer/jsonassert/1.5.3/jsonassert-1.5.3.jar:/Users/sravansasi/.m2/repository/com/vaadin/external/google/android-json/0.0.20131108.vaadin1/android-json-0.0.20131108.vaadin1.jar:/Users/sravansasi/.m2/repository/org/springframework/spring-core/6.1.12/spring-core-6.1.12.jar:/Users/sravansasi/.m2/repository/org/springframework/spring-jcl/6.1.12/spring-jcl-6.1.12.jar:/Users/sravansasi/.m2/repository/org/springframework/spring-test/6.1.12/spring-test-6.1.12.jar:/Users/sravansasi/.m2/repository/org/xmlunit/xmlunit-core/2.9.1/xmlunit-core-2.9.1.jar:/Users/sravansasi/.m2/repository/org/springframework/security/spring-security-test/6.2.6/spring-security-test-6.2.6.jar:/Users/sravansasi/.m2/repository/org/springframework/security/spring-security-core/6.2.6/spring-security-core-6.2.6.jar:/Users/sravansasi/.m2/repository/org/springframework/security/spring-security-crypto/6.2.6/spring-security-crypto-6.2.6.jar:/Users/sravansasi/.m2/repository/org/springframework/boot/spring-boot-starter-validation/3.2.9/spring-boot-starter-validation-3.2.9.jar:/Users/sravansasi/.m2/repository/org/apache/tomcat/embed/tomcat-embed-el/10.1.28/tomcat-embed-el-10.1.28.jar:/Users/sravansasi/.m2/repository/org/hibernate/validator/hibernate-validator/8.0.1.Final/hibernate-validator-8.0.1.Final.jar:/Users/sravansasi/.m2/repository/jakarta/validation/jakarta.validation-api/3.0.2/jakarta.validation-api-3.0.2.jar:/Users/sravansasi/.m2/repository/org/springdoc/springdoc-openapi-starter-webmvc-ui/2.5.0/springdoc-openapi-starter-webmvc-ui-2.5.0.jar:/Users/sravansasi/.m2/repository/org/springdoc/springdoc-openapi-starter-webmvc-api/2.5.0/springdoc-openapi-starter-webmvc-api-2.5.0.jar:/Users/sravansasi/.m2/repository/org/springdoc/springdoc-openapi-starter-common/2.5.0/springdoc-openapi-starter-common-2.5.0.jar:/Users/sravansasi/.m2/repository/io/swagger/core/v3/swagger-core-jakarta/2.2.21/swagger-core-jakarta-2.2.21.jar:/Users/sravansasi/.m2/repository/org/apache/commons/commons-lang3/3.13.0/commons-lang3-3.13.0.jar:/Users/sravansasi/.m2/repository/io/swagger/core/v3/swagger-annotations-jakarta/2.2.21/swagger-annotations-jakarta-2.2.21.jar:/Users/sravansasi/.m2/repository/io/swagger/core/v3/swagger-models-jakarta/2.2.21/swagger-models-jakarta-2.2.21.jar:/Users/sravansasi/.m2/repository/com/fasterxml/jackson/dataformat/jackson-dataformat-yaml/2.15.4/jackson-dataformat-yaml-2.15.4.jar:/Users/sravansasi/.m2/repository/org/webjars/swagger-ui/5.13.0/swagger-ui-5.13.0.jar:"/>
    <property name="sun.cpu.endian" value="little"/>
    <property name="user.home" value="/Users/sravansasi"/>
    <property name="user.language" value="en"/>
    <property name="java.specification.vendor" value="Oracle Corporation"/>
    <property name="java.version.date" value="2024-04-16"/>
    <property name="java.home" value="/Library/Java/JavaVirtualMachines/zulu-17.jdk/Contents/Home"/>
    <property name="file.separator" value="/"/>
    <property name="basedir" value="/Users/sravansasi/Downloads/backend"/>
    <property name="java.vm.compressedOopsMode" value="Zero based"/>
    <property name="line.separator" value="&#10;"/>
    <property name="java.vm.specification.vendor" value="Oracle Corporation"/>
    <property name="java.specification.name" value="Java Platform API Specification"/>
    <property name="FILE_LOG_CHARSET" value="UTF-8"/>
    <property name="java.awt.headless" value="true"/>
    <property name="surefire.real.class.path" value="/Users/sravansasi/Downloads/backend/target/surefire/surefirebooter-20240930103716763_3.jar"/>
    <property name="sun.management.compiler" value="HotSpot 64-Bit Tiered Compilers"/>
    <property name="ftp.nonProxyHosts" value="local|*.local|169.254/16|*.169.254/16"/>
    <property name="java.runtime.version" value="17.0.11+9-LTS"/>
    <property name="user.name" value="sravansasi"/>
    <property name="path.separator" value=":"/>
    <property name="os.version" value="14.1"/>
    <property name="java.runtime.name" value="OpenJDK Runtime Environment"/>
    <property name="file.encoding" value="UTF-8"/>
    <property name="java.vm.name" value="OpenJDK 64-Bit Server VM"/>
    <property name="java.vendor.version" value="Zulu17.50+19-CA"/>
    <property name="localRepository" value="/Users/sravansasi/.m2/repository"/>
    <property name="java.vendor.url.bug" value="http://www.azul.com/support/"/>
    <property name="java.io.tmpdir" value="/var/folders/h7/8g_kj84x3436wfv9t9gh9bkm0000gn/T/"/>
    <property name="idea.version" value="2024.2.1"/>
    <property name="com.zaxxer.hikari.pool_number" value="1"/>
    <property name="java.version" value="17.0.11"/>
    <property name="user.dir" value="/Users/sravansasi/Downloads/backend"/>
    <property name="os.arch" value="aarch64"/>
    <property name="java.vm.specification.name" value="Java Virtual Machine Specification"/>
    <property name="PID" value="2010"/>
    <property name="CONSOLE_LOG_CHARSET" value="UTF-8"/>
    <property name="native.encoding" value="UTF-8"/>
    <property name="java.library.path" value="/Users/sravansasi/Library/Java/Extensions:/Library/Java/Extensions:/Network/Library/Java/Extensions:/System/Library/Java/Extensions:/usr/lib/java:."/>
    <property name="java.vm.info" value="mixed mode, sharing"/>
    <property name="java.vendor" value="Azul Systems, Inc."/>
    <property name="java.vm.version" value="17.0.11+9-LTS"/>
    <property name="sun.io.unicode.encoding" value="UnicodeBig"/>
    <property name="socksNonProxyHosts" value="local|*.local|169.254/16|*.169.254/16"/>
    <property name="java.class.version" value="61.0"/>
    <property name="LOGGED_APPLICATION_NAME" value="[rakbackend] "/>
  </properties>
  <testcase name="contextLoads" classname="com.example.rak.RakbackendApplicationTests" time="0.252">
    <system-out><![CDATA[10:37:17.085 [main] INFO org.springframework.test.context.support.AnnotationConfigContextLoaderUtils -- Could not detect default configuration classes for test class [com.example.rak.RakbackendApplicationTests]: RakbackendApplicationTests does not declare any static, non-private, non-final, nested classes annotated with @Configuration.
10:37:17.124 [main] INFO org.springframework.boot.test.context.SpringBootTestContextBootstrapper -- Found @SpringBootConfiguration com.example.rak.RakbackendApplication for test class com.example.rak.RakbackendApplicationTests
10:37:17.184 [main] INFO org.springframework.boot.devtools.restart.RestartApplicationListener -- Restart disabled due to context in which it is running

  .   ____          _            __ _ _
 /\\ / ___'_ __ _ _(_)_ __  __ _ \ \ \ \
( ( )\___ | '_ | '_| | '_ \/ _` | \ \ \ \
 \\/  ___)| |_)| | | | | || (_| |  ) ) ) )
  '  |____| .__|_| |_|_| |_\__, | / / / /
 =========|_|==============|___/=/_/_/_/
 :: Spring Boot ::                (v3.2.9)

2024-09-30T10:37:17.283+04:00  INFO 2010 --- [rakbackend] [           main] c.e.rak.RakbackendApplicationTests       : Starting RakbackendApplicationTests using Java 17.0.11 with PID 2010 (started by sravansasi in /Users/sravansasi/Downloads/backend)
2024-09-30T10:37:17.283+04:00  INFO 2010 --- [rakbackend] [           main] c.e.rak.RakbackendApplicationTests       : No active profile set, falling back to 1 default profile: "default"
2024-09-30T10:37:17.591+04:00  INFO 2010 --- [rakbackend] [           main] .s.d.r.c.RepositoryConfigurationDelegate : Bootstrapping Spring Data JPA repositories in DEFAULT mode.
2024-09-30T10:37:17.612+04:00  INFO 2010 --- [rakbackend] [           main] .s.d.r.c.RepositoryConfigurationDelegate : Finished Spring Data repository scanning in 18 ms. Found 1 JPA repository interface.
2024-09-30T10:37:17.766+04:00  INFO 2010 --- [rakbackend] [           main] com.zaxxer.hikari.HikariDataSource       : HikariPool-1 - Starting...
2024-09-30T10:37:17.835+04:00  INFO 2010 --- [rakbackend] [           main] com.zaxxer.hikari.pool.HikariPool        : HikariPool-1 - Added connection conn0: url=jdbc:h2:mem:testdb user=SA
2024-09-30T10:37:17.836+04:00  INFO 2010 --- [rakbackend] [           main] com.zaxxer.hikari.HikariDataSource       : HikariPool-1 - Start completed.
2024-09-30T10:37:17.852+04:00  INFO 2010 --- [rakbackend] [           main] o.hibernate.jpa.internal.util.LogHelper  : HHH000204: Processing PersistenceUnitInfo [name: default]
2024-09-30T10:37:17.870+04:00  INFO 2010 --- [rakbackend] [           main] org.hibernate.Version                    : HHH000412: Hibernate ORM core version 6.4.10.Final
2024-09-30T10:37:17.880+04:00  INFO 2010 --- [rakbackend] [           main] o.h.c.internal.RegionFactoryInitiator    : HHH000026: Second-level cache disabled
2024-09-30T10:37:17.955+04:00  INFO 2010 --- [rakbackend] [           main] o.s.o.j.p.SpringPersistenceUnitInfo      : No LoadTimeWeaver setup: ignoring JPA class transformer
2024-09-30T10:37:18.248+04:00  INFO 2010 --- [rakbackend] [           main] o.h.e.t.j.p.i.JtaPlatformInitiator       : HHH000489: No JTA platform available (set 'hibernate.transaction.jta.platform' to enable JTA platform integration)
2024-09-30T10:37:18.257+04:00  INFO 2010 --- [rakbackend] [           main] j.LocalContainerEntityManagerFactoryBean : Initialized JPA EntityManagerFactory for persistence unit 'default'
2024-09-30T10:37:18.372+04:00  WARN 2010 --- [rakbackend] [           main] JpaBaseConfiguration$JpaWebConfiguration : spring.jpa.open-in-view is enabled by default. Therefore, database queries may be performed during view rendering. Explicitly configure spring.jpa.open-in-view to disable this warning
2024-09-30T10:37:18.384+04:00  WARN 2010 --- [rakbackend] [           main] .s.s.UserDetailsServiceAutoConfiguration : 

Using generated security password: 2a965c68-6d85-4a6a-8cb9-aa0f0740c688

This generated password is for development use only. Your security configuration must be updated before running your application in production.

2024-09-30T10:37:18.422+04:00  INFO 2010 --- [rakbackend] [           main] o.s.s.web.DefaultSecurityFilterChain     : Will secure any request with [org.springframework.security.web.session.DisableEncodeUrlFilter@6af0407c, org.springframework.security.web.context.request.async.WebAsyncManagerIntegrationFilter@71c1ca1, org.springframework.security.web.context.SecurityContextHolderFilter@3a6409ec, org.springframework.security.web.header.HeaderWriterFilter@13edc1bc, org.springframework.security.web.authentication.logout.LogoutFilter@df04d12, org.springframework.security.web.savedrequest.RequestCacheAwareFilter@32b8992e, org.springframework.security.web.servletapi.SecurityContextHolderAwareRequestFilter@1659d7d, org.springframework.security.web.authentication.AnonymousAuthenticationFilter@20cf3ab3, org.springframework.security.web.access.ExceptionTranslationFilter@fd5c7f6, org.springframework.security.web.access.intercept.AuthorizationFilter@7343d843]
2024-09-30T10:37:18.623+04:00  INFO 2010 --- [rakbackend] [           main] o.s.b.a.h2.H2ConsoleAutoConfiguration    : H2 console available at '/h2-console'. Database available at 'jdbc:h2:mem:testdb'
2024-09-30T10:37:18.654+04:00  INFO 2010 --- [rakbackend] [           main] c.e.rak.RakbackendApplicationTests       : Started RakbackendApplicationTests in 1.475 seconds (process running for 1.856)
]]></system-out>
  </testcase>
</testsuite>